<?xml version="1.0" encoding="utf-8"?><testsuites name="pytest tests"><testsuite name="pytest" errors="0" failures="0" skipped="0" tests="5" time="6.451" timestamp="2026-03-14T22:02:58.590998+05:30" hostname="LMAC-DGXLFJJ-AP"><testcase classname="tests.test_login" name="test_invalid_login[chromium]" time="3.941" /><testcase classname="tests.test_login" name="test_valid_login[chromium]" time="3.867" /><testcase classname="tests.test_addtocart" name="test_add_product_to_cart[chromium]" time="3.941" /><testcase classname="tests.test_test" name="test_start[chromium]" time="4.017" /><testcase classname="tests.test_e2e" name="test_e2e_workflow[chromium]" time="4.738" /></testsuite></testsuites>