<?xml version="1.0" encoding="utf-8"?><testsuites name="pytest tests"><testsuite name="pytest" errors="0" failures="0" skipped="0" tests="5" time="8.303" timestamp="2026-03-14T20:39:03.800310+05:30" hostname="LMAC-DGXLFJJ-AP"><testcase classname="tests.test_login" name="test_invalid_login[chromium]" time="6.514" /><testcase classname="tests.test_test" name="test_start[chromium]" time="5.771" /><testcase classname="tests.test_e2e" name="test_e2e_workflow[chromium]" time="6.657" /><testcase classname="tests.test_addtocart" name="test_add_product_to_cart[chromium]" time="6.439" /><testcase classname="tests.test_login" name="test_valid_login[chromium]" time="6.416" /></testsuite></testsuites>